EXPERIMENT PARAMETERS:
neighbor count = 1
noise mean = 0.0
noise std = 0.5
data set size = 1_000


RESULTS: 0.01785824778383116	22.65353292379564	6.223759083164583	4.8592134881327675

=====

EXPERIMENT PARAMETERS:
neighbor count = 1
noise mean = 0.0
noise std = 0.5
data set size = 10_000


RESULTS: 0.005865883185290244	16.876891156129158	3.151677687832644	2.4354232999829217

=====

EXPERIMENT PARAMETERS:
neighbor count = 1
noise mean = 0.0
noise std = 0.5
data set size = 100_000


RESULTS: 0.00012459876946024906	10.447749815929518	1.7512950242603669	1.347101557775959

=====

EXPERIMENT PARAMETERS:
neighbor count = 1
noise mean = 0.0
noise std = 0.5
data set size = 1_000_000


RESULTS: 1.5600233034263056e-05	6.161307237032034	1.0391274076565293	0.7992275367516717

=====

EXPERIMENT PARAMETERS:
neighbor count = 1
noise mean = 0.0
noise std = 0.5
data set size = 10_000_000


RESULTS: 1.8289680525640506e-07	4.584382375289337	0.6705554265230663	0.5098982677443137

=====

