EXPERIMENT PARAMETERS:
neighbor count = 1
no noise applied
data set size = 1_000


RESULTS: 0.24543447405080343	21.066942070838447	5.779357649202909	4.079451780224643

=====

EXPERIMENT PARAMETERS:
neighbor count = 1
no noise applied
data set size = 10_000


RESULTS: 0.00010891827781023267	14.775999517915796	3.05471024063673	2.386991211048769

=====

EXPERIMENT PARAMETERS:
neighbor count = 1
no noise applied
data set size = 100_000


RESULTS: 1.9097769516918106e-05	10.298368923888873	1.7213672525647805	1.3441381861083601

=====

EXPERIMENT PARAMETERS:
neighbor count = 1
no noise applied
data set size = 1_000_000


RESULTS: 1.8576526983338226e-05	6.588368215262008	0.9581447466823863	0.743456934423321

=====

EXPERIMENT PARAMETERS:
neighbor count = 1
no noise applied
data set size = 10_000_000


RESULTS: 2.9147335700585586e-07	3.8038639589563985	0.5375972689253866	0.4138648662457065

=====

