EXPERIMENT PARAMETERS:
neighbor count = 1
noise mean = 0.0
noise std = 5.0
data set size = 1_000


RESULTS: 0.06980359008589332	25.233516332231964	7.264816250885628	5.314164244122011

=====

EXPERIMENT PARAMETERS:
neighbor count = 1
noise mean = 0.0
noise std = 5.0
data set size = 10_000


RESULTS: 0.0008512326383183222	30.93516171081172	5.186570026251062	3.927802327228691

=====

EXPERIMENT PARAMETERS:
neighbor count = 1
noise mean = 0.0
noise std = 5.0
data set size = 100_000


RESULTS: 0.001030387850423864	21.50450543957288	4.330306337779376	3.2743749500212145

=====

EXPERIMENT PARAMETERS:
neighbor count = 1
noise mean = 0.0
noise std = 5.0
data set size = 1_000_000


RESULTS: 4.656948519965454e-05	24.354111038928814	4.100817964105745	3.1045418168049763

=====

EXPERIMENT PARAMETERS:
neighbor count = 1
noise mean = 0.0
noise std = 5.0
data set size = 10_000_000


RESULTS: 1.724464027574868e-06	25.70503412487478	4.025318327390038	3.0397577595548158

=====

