EXPERIMENT PARAMETERS:
neighbor count = 3
noise mean = 0.0
noise std = 5.0
data set size = 1_000


RESULTS: 0.00859782276829435	26.667282782033702	5.038060215895681	4.434363113090108

=====

EXPERIMENT PARAMETERS:
neighbor count = 3
noise mean = 0.0
noise std = 5.0
data set size = 10_000


RESULTS: 0.002367989471315113	21.064333780673802	3.2219386978884303	2.6057855697260455

=====

EXPERIMENT PARAMETERS:
neighbor count = 3
noise mean = 0.0
noise std = 5.0
data set size = 100_000


RESULTS: 0.00032403181109330603	14.284482724860538	2.633673644328026	2.0036691310517405

=====

EXPERIMENT PARAMETERS:
neighbor count = 3
noise mean = 0.0
noise std = 5.0
data set size = 1_000_000


RESULTS: 1.289408388949198e-05	14.68983168612392	2.4072358993452245	1.8173093927435642

=====

EXPERIMENT PARAMETERS:
neighbor count = 3
noise mean = 0.0
noise std = 5.0
data set size = 10_000_000


RESULTS: 2.9171096826985377e-06	14.74497528132439	2.333237489368586	1.7648231078087941

=====

