EXPERIMENT PARAMETERS:
neighbor count = 3
no noise applied
data set size = 1_000


RESULTS: 0.06320980520581472	27.724010062928862	4.83921900101898	4.276716611314475

=====

EXPERIMENT PARAMETERS:
neighbor count = 3
no noise applied
data set size = 10_000


RESULTS: 0.006115478821829612	10.46355088883682	2.311181760628312	1.8563116260926757

=====

EXPERIMENT PARAMETERS:
neighbor count = 3
no noise applied
data set size = 100_000


RESULTS: 6.290434452793647e-05	9.170845551397804	1.2284646427068362	1.0468653314646248

=====

EXPERIMENT PARAMETERS:
neighbor count = 3
no noise applied
data set size = 1_000_000


RESULTS: 2.1657169270383747e-05	5.503836102997951	0.673635398786665	0.5591526183180119

=====

EXPERIMENT PARAMETERS:
neighbor count = 3
no noise applied
data set size = 10_000_000


RESULTS: 1.3054578218429924e-07	4.816491015675055	0.37414789478506194	0.30704136176288543

=====

