EXPERIMENT PARAMETERS:
neighbor count = 3
noise mean = 0.0
noise std = 0.5
data set size = 1_000


RESULTS: 0.08825248100325567	21.551461806533386	4.603029061715402	4.078471421603578

=====

EXPERIMENT PARAMETERS:
neighbor count = 3
noise mean = 0.0
noise std = 0.5
data set size = 10_000


RESULTS: 4.770469993786719e-05	11.224007612280042	2.3300637187604623	2.013578050087531

=====

EXPERIMENT PARAMETERS:
neighbor count = 3
noise mean = 0.0
noise std = 0.5
data set size = 100_000


RESULTS: 0.000130427762258023	10.201874107317764	1.2520794856745372	1.0486944052348048

=====

EXPERIMENT PARAMETERS:
neighbor count = 3
noise mean = 0.0
noise std = 0.5
data set size = 1_000_000


RESULTS: 1.2959301262327472e-05	7.127161677573255	0.7162107361747915	0.5825942929472381

=====

EXPERIMENT PARAMETERS:
neighbor count = 3
noise mean = 0.0
noise std = 0.5
data set size = 10_000_000


RESULTS: 2.3447514863050856e-07	4.03376775985344	0.44249657687693367	0.3491054854049591

=====

