EXPERIMENT PARAMETERS:
noise mean = 0.0
noise std = 5.0
data set size = 1_000


RESULTS: 0.06269768629199213	13.765275842886382	2.5698589927631343	2.0610345783937634

=====

EXPERIMENT PARAMETERS:
noise mean = 0.0
noise std = 5.0
data set size = 10_000


RESULTS: 0.0009090567370648728	9.628419141525086	1.524563639971187	1.30469851026098

=====

EXPERIMENT PARAMETERS:
noise mean = 0.0
noise std = 5.0
data set size = 100_000


RESULTS: 0.00048157686240557496	5.488654528840939	1.4242513536006778	1.029728142976414

=====

EXPERIMENT PARAMETERS:
noise mean = 0.0
noise std = 5.0
data set size = 1_000_000

slurmstepd-node-02: error: *** JOB 201638 ON node-02 CANCELLED AT 2026-02-17T23:50:45 DUE TO TIME LIMIT ***
