EXPERIMENT PARAMETERS:
noise mean = 0.0
noise std = 0.5
data set size = 1_000


RESULTS: 0.010090131266230262	6.790409871506085	1.8292914073246238	1.2860193946014706

=====

EXPERIMENT PARAMETERS:
noise mean = 0.0
noise std = 0.5
data set size = 10_000


RESULTS: 0.00026805317641986903	2.4333604477168507	0.8529705926637405	0.4959942563321581

=====

EXPERIMENT PARAMETERS:
noise mean = 0.0
noise std = 0.5
data set size = 100_000


RESULTS: 7.366318044432774e-07	1.3071700602341991	0.27012916876770404	0.2080659023486418

=====

EXPERIMENT PARAMETERS:
noise mean = 0.0
noise std = 0.5
data set size = 1_000_000

slurmstepd-node-02: error: *** JOB 201639 ON node-02 CANCELLED AT 2026-02-17T23:51:15 DUE TO TIME LIMIT ***
