EXPERIMENT PARAMETERS:
neighbor count = 3
no noise applied
data set size = 1_000

<models.experiment_statistics.ExperimentStatistics object at 0x1521e5336560>

RESULTS: 0.04040040223702197	22.022732423739754	4.6075713954505115	4.07217408040788

=====

EXPERIMENT PARAMETERS:
neighbor count = 3
no noise applied
data set size = 10_000

<models.experiment_statistics.ExperimentStatistics object at 0x15410ee8fdc0>

RESULTS: 0.0028760051493176776	15.318585788025784	2.315265397772835	2.00817136871711

=====

EXPERIMENT PARAMETERS:
neighbor count = 3
no noise applied
data set size = 100_000

<models.experiment_statistics.ExperimentStatistics object at 0x14883dce2560>

RESULTS: 0.0001241652543947458	10.039363158826461	1.2320510910002662	1.0415271880325903

=====

EXPERIMENT PARAMETERS:
neighbor count = 3
no noise applied
data set size = 1_000_000

<models.experiment_statistics.ExperimentStatistics object at 0x14dc0b517dc0>

RESULTS: 5.241558533342072e-06	6.420776764182904	0.6763785719917934	0.5614454724175173

=====

EXPERIMENT PARAMETERS:
neighbor count = 3
no noise applied
data set size = 10_000_000

<models.experiment_statistics.ExperimentStatistics object at 0x14bab873fdc0>

RESULTS: 2.6735058142435267e-07	3.8386281376674436	0.37396163111899045	0.3071098479466996

=====

