EXPERIMENT PARAMETERS:
neighbor count = 1
no noise applied
data set size = 1_000

<models.experiment_statistics.ExperimentStatistics object at 0x14feea3ca260>

RESULTS: 0.04988623230571962	23.860146896626347	5.620779255377375	4.518226815449644

=====

EXPERIMENT PARAMETERS:
neighbor count = 1
no noise applied
data set size = 10_000

<models.experiment_statistics.ExperimentStatistics object at 0x14c7073afdc0>

RESULTS: 0.003193031636833563	15.444069774066433	3.03569086352196	2.4051957763426284

=====

EXPERIMENT PARAMETERS:
neighbor count = 1
no noise applied
data set size = 100_000

<models.experiment_statistics.ExperimentStatistics object at 0x1548ba813dc0>

RESULTS: 0.00017185740735421894	10.861585389856229	1.7066648072192674	1.3311993466772858

=====

EXPERIMENT PARAMETERS:
neighbor count = 1
no noise applied
data set size = 1_000_000

<models.experiment_statistics.ExperimentStatistics object at 0x148cf8bf3dc0>

RESULTS: 1.3546485716867674e-05	6.672822705425468	0.9583074703320914	0.7413185856235883

=====

EXPERIMENT PARAMETERS:
neighbor count = 1
no noise applied
data set size = 10_000_000

<models.experiment_statistics.ExperimentStatistics object at 0x153cf210e560>

RESULTS: 7.458949302119323e-07	4.145454655588869	0.5377213679091113	0.41382373477250156

=====

